Using pre-set license
Built from '2021.1/staging' branch; Version is '2021.1.20f1 (be552157821d) revision 12473633'; Using compiler version '192528614'; Build Type 'Release'
OS: 'Windows 10 Pro; OS build 19043.1826; Version 2009; 64bit' Language: 'ko' Physical Memory: 32120 MB
BatchMode: 1, IsHumanControllingUs: 0, StartBugReporterOnCrash: 0, Is64bit: 1, IsPro: 0

COMMAND LINE ARGUMENTS:
C:\Program Files\Unity\Hub\Editor\2021.1.20f1\Editor\Unity.exe
-adb2
-batchMode
-noUpm
-name
AssetImportWorker0
-projectPath
C:/Users/USER/Desktop/UnityStudy/Unity_2D_CandyCrane/Candy Crane
-logFile
Logs/AssetImportWorker0.log
-srvPort
50176
Successfully changed project path to: C:/Users/USER/Desktop/UnityStudy/Unity_2D_CandyCrane/Candy Crane
C:/Users/USER/Desktop/UnityStudy/Unity_2D_CandyCrane/Candy Crane
Using Asset Import Pipeline V2.
Refreshing native plugins compatible for Editor in 53.82 ms, found 2 plugins.
Preloading 0 native plugins for Editor in 0.00 ms.
Initialize engine version: 2021.1.20f1 (be552157821d)
[Subsystems] Discovering subsystems at path C:/Program Files/Unity/Hub/Editor/2021.1.20f1/Editor/Data/Resources/UnitySubsystems
[Subsystems] Discovering subsystems at path C:/Users/USER/Desktop/UnityStudy/Unity_2D_CandyCrane/Candy Crane/Assets
GfxDevice: creating device client; threaded=0; jobified=0
Direct3D:
    Version:  Direct3D 11.0 [level 11.1]
    Renderer: AMD Radeon(TM) Graphics (ID=0x1636)
    Vendor:   ATI
    VRAM:     16060 MB
    Driver:   30.0.13040.5001
Initialize mono
Mono path[0] = 'C:/Program Files/Unity/Hub/Editor/2021.1.20f1/Editor/Data/Managed'
Mono path[1] = 'C:/Program Files/Unity/Hub/Editor/2021.1.20f1/Editor/Data/MonoBleedingEdge/lib/mono/unityjit'
Mono config path = 'C:/Program Files/Unity/Hub/Editor/2021.1.20f1/Editor/Data/MonoBleedingEdge/etc'
Using monoOptions --debugger-agent=transport=dt_socket,embedding=1,server=y,suspend=n,address=127.0.0.1:56476
Begin MonoManager ReloadAssembly
Registering precompiled unity dll's ...
Register platform support module: C:/Program Files/Unity/Hub/Editor/2021.1.20f1/Editor/Data/PlaybackEngines/WindowsStandaloneSupport/UnityEditor.WindowsStandalone.Extensions.dll
Registered in 0.002511 seconds.
Native extension for WindowsStandalone target not found
Refreshing native plugins compatible for Editor in 32.71 ms, found 2 plugins.
Preloading 0 native plugins for Editor in 0.00 ms.
Mono: successfully reloaded assembly
- Completed reload, in  2.794 seconds
Domain Reload Profiling:
	ReloadAssembly (2794ms)
		BeginReloadAssembly (71ms)
			ExecutionOrderSort (0ms)
			DisableScriptedObjects (0ms)
			BackupInstance (0ms)
			ReleaseScriptingObjects (0ms)
			CreateAndSetChildDomain (1ms)
		EndReloadAssembly (405ms)
			LoadAssemblies (69ms)
			RebuildTransferFunctionScriptingTraits (0ms)
			SetupTypeCache (163ms)
			ReleaseScriptCaches (0ms)
			RebuildScriptCaches (26ms)
			SetupLoadedEditorAssemblies (167ms)
				LogAssemblyErrors (0ms)
				InitializePlatformSupportModulesInManaged (6ms)
				SetLoadedEditorAssemblies (0ms)
				RefreshPlugins (33ms)
				BeforeProcessingInitializeOnLoad (1ms)
				ProcessInitializeOnLoadAttributes (97ms)
				ProcessInitializeOnLoadMethodAttributes (30ms)
				AfterProcessingInitializeOnLoad (0ms)
				EditorAssembliesLoaded (0ms)
			ExecutionOrderSort2 (0ms)
			AwakeInstancesAfterBackupRestoration (0ms)
Platform modules already initialized, skipping
Registering precompiled user dll's ...
Registered in 0.008091 seconds.
Begin MonoManager ReloadAssembly
Native extension for WindowsStandalone target not found
Refreshing native plugins compatible for Editor in 0.80 ms, found 2 plugins.
Preloading 0 native plugins for Editor in 0.00 ms.
Mono: successfully reloaded assembly
- Completed reload, in  1.087 seconds
Domain Reload Profiling:
	ReloadAssembly (1088ms)
		BeginReloadAssembly (163ms)
			ExecutionOrderSort (0ms)
			DisableScriptedObjects (4ms)
			BackupInstance (0ms)
			ReleaseScriptingObjects (0ms)
			CreateAndSetChildDomain (23ms)
		EndReloadAssembly (861ms)
			LoadAssemblies (104ms)
			RebuildTransferFunctionScriptingTraits (0ms)
			SetupTypeCache (293ms)
			ReleaseScriptCaches (0ms)
			RebuildScriptCaches (41ms)
			SetupLoadedEditorAssemblies (339ms)
				LogAssemblyErrors (0ms)
				InitializePlatformSupportModulesInManaged (6ms)
				SetLoadedEditorAssemblies (0ms)
				RefreshPlugins (1ms)
				BeforeProcessingInitializeOnLoad (56ms)
				ProcessInitializeOnLoadAttributes (264ms)
				ProcessInitializeOnLoadMethodAttributes (5ms)
				AfterProcessingInitializeOnLoad (7ms)
				EditorAssembliesLoaded (0ms)
			ExecutionOrderSort2 (0ms)
			AwakeInstancesAfterBackupRestoration (7ms)
Platform modules already initialized, skipping
========================================================================
Worker process is ready to serve import requests
Launched and connected shader compiler UnityShaderCompiler.exe after 0.11 seconds
Refreshing native plugins compatible for Editor in 0.71 ms, found 2 plugins.
Preloading 0 native plugins for Editor in 0.00 ms.
Unloading 1490 Unused Serialized files (Serialized files now loaded: 0)
System memory in use before: 74.5 MB.
System memory in use after: 74.6 MB.

Unloading 75 unused Assets to reduce memory usage. Loaded Objects now: 1894.
Total: 3.380800 ms (FindLiveObjects: 0.215200 ms CreateObjectMapping: 0.035300 ms MarkObjects: 3.029700 ms  DeleteObjects: 0.099200 ms)

AssetImportParameters requested are different than current active one (requested -> active):
  custom:framework-win-MediaFoundation: 216162199b28c13a410421893ffa2e32 -> 
  custom:video-decoder-ogg-theora: a1e56fd34408186e4bbccfd4996cb3dc -> 
  custom:container-muxer-webm: aa71ff27fc2769a1b78a27578f13a17b -> 
  custom:container-demuxer-webm: 4f35f7cbe854078d1ac9338744f61a02 -> 
  custom:container-demuxer-ogg: 62fdf1f143b41e24485cea50d1cbac27 -> 
  custom:video-encoder-webm-vp8: eb34c28f22e8b96e1ab97ce403110664 -> 
  custom:video-codec-MediaFoundation-h265: 746d11721c4dcdbdad8f713fa42b33f4 -> 
  custom:video-decoder-webm-vp8: 9c59270c3fd7afecdb556c50c9e8de78 -> 
  custom:audio-decoder-ogg-vorbis: bf7c407c2cedff20999df2af8eb42d56 -> 
  custom:audio-encoder-webm-vorbis: bf7c407c2cedff20999df2af8eb42d56 -> 
========================================================================
Received Import Request.
  path: Assets/Resource/carne/crane4.png
  artifactKey: Guid(f0220191b46df004783f7315f1a84326) Importer(2089858483,934ff659095e30574adcf32a4c2f97b5)
Start importing Assets/Resource/carne/crane4.png using Guid(f0220191b46df004783f7315f1a84326) Importer(2089858483,934ff659095e30574adcf32a4c2f97b5)  -> (artifact id: '07aa0726f76abd4e03ceea828d677254') in 0.157978 seconds 
========================================================================
Received Import Request.
  Time since last request: 0.000316 seconds.
  path: Assets/Resource/craneMain.png
  artifactKey: Guid(bf209c3e7f4894541bef95843e3bb2d8) Importer(2089858483,934ff659095e30574adcf32a4c2f97b5)
Start importing Assets/Resource/craneMain.png using Guid(bf209c3e7f4894541bef95843e3bb2d8) Importer(2089858483,934ff659095e30574adcf32a4c2f97b5)  -> (artifact id: 'a5365cd9264b141528729e035f6dfa0b') in 0.011017 seconds 
========================================================================
Received Import Request.
  Time since last request: 0.000333 seconds.
  path: Assets/Resource/carne/crane6.png
  artifactKey: Guid(1465e3f8520358b479019b442a067e11) Importer(2089858483,934ff659095e30574adcf32a4c2f97b5)
Start importing Assets/Resource/carne/crane6.png using Guid(1465e3f8520358b479019b442a067e11) Importer(2089858483,934ff659095e30574adcf32a4c2f97b5)  -> (artifact id: '6b858dd15562570bd067af820e11cd23') in 0.011739 seconds 
========================================================================
Received Import Request.
  Time since last request: 0.000316 seconds.
  path: Assets/Resource/carne
  artifactKey: Guid(106b58a4c4954c348b1d1792359d71e4) Importer(2089858483,934ff659095e30574adcf32a4c2f97b5)
Start importing Assets/Resource/carne using Guid(106b58a4c4954c348b1d1792359d71e4) Importer(2089858483,934ff659095e30574adcf32a4c2f97b5)  -> (artifact id: '7ca6be59333b71be889d5ec6fa4aee12') in 0.010768 seconds 
========================================================================
Received Import Request.
  Time since last request: 0.000333 seconds.
  path: Assets/Resource/candycraneLogo.pptx
  artifactKey: Guid(ef904d99b7d9d8c49a3248e4a5456e1e) Importer(2089858483,934ff659095e30574adcf32a4c2f97b5)
Start importing Assets/Resource/candycraneLogo.pptx using Guid(ef904d99b7d9d8c49a3248e4a5456e1e) Importer(2089858483,934ff659095e30574adcf32a4c2f97b5)  -> (artifact id: 'f737a85933fd5a55b5815d48f23d5b96') in 0.018020 seconds 
========================================================================
Received Import Request.
  Time since last request: 0.000511 seconds.
  path: Assets/Resource/carne/crane5.png
  artifactKey: Guid(de1d81426b380754ab956480c0530c9b) Importer(2089858483,934ff659095e30574adcf32a4c2f97b5)
Start importing Assets/Resource/carne/crane5.png using Guid(de1d81426b380754ab956480c0530c9b) Importer(2089858483,934ff659095e30574adcf32a4c2f97b5)  -> (artifact id: 'f1adf46ac2a8338902d84fefa1b3d778') in 0.011824 seconds 
========================================================================
Received Import Request.
  Time since last request: 0.000353 seconds.
  path: Assets/Resource/carne/crane1.png
  artifactKey: Guid(76206c4e774fb2b4da87f99528f78b88) Importer(2089858483,934ff659095e30574adcf32a4c2f97b5)
Start importing Assets/Resource/carne/crane1.png using Guid(76206c4e774fb2b4da87f99528f78b88) Importer(2089858483,934ff659095e30574adcf32a4c2f97b5)  -> (artifact id: 'b11ab4b55243c2ad95f630b79e3acd5c') in 0.011349 seconds 
========================================================================
Received Import Request.
  Time since last request: 0.000287 seconds.
  path: Assets/Resource/carne/crane3.png
  artifactKey: Guid(5f590e285efef934485b4a065389c5db) Importer(2089858483,934ff659095e30574adcf32a4c2f97b5)
Start importing Assets/Resource/carne/crane3.png using Guid(5f590e285efef934485b4a065389c5db) Importer(2089858483,934ff659095e30574adcf32a4c2f97b5)  -> (artifact id: '9f6d798323a7e53dba3f25adeffa9aee') in 0.010270 seconds 
========================================================================
Received Import Request.
  Time since last request: 0.000569 seconds.
  path: Assets/Resource/carne/hook.png
  artifactKey: Guid(3166b7af61c9b904397d4efbb72664d7) Importer(2089858483,934ff659095e30574adcf32a4c2f97b5)
Start importing Assets/Resource/carne/hook.png using Guid(3166b7af61c9b904397d4efbb72664d7) Importer(2089858483,934ff659095e30574adcf32a4c2f97b5)  -> (artifact id: '688236c57e9882adf4c199e1d85ed99b') in 0.011086 seconds 
========================================================================
Received Import Request.
  Time since last request: 0.000517 seconds.
  path: Assets/Resource/ㅁㄴㅇ.png
  artifactKey: Guid(9354dc0f58ac01b4d8c719dec8f164c3) Importer(2089858483,934ff659095e30574adcf32a4c2f97b5)
Start importing Assets/Resource/ㅁㄴㅇ.png using Guid(9354dc0f58ac01b4d8c719dec8f164c3) Importer(2089858483,934ff659095e30574adcf32a4c2f97b5)  -> (artifact id: 'e473a7993a5eeb030f077fa67ef43a79') in 0.018019 seconds 
========================================================================
Received Import Request.
  Time since last request: 0.000460 seconds.
  path: Assets/Resource/carne/crane2.png
  artifactKey: Guid(5249f5de0244eb043bc5502c8a76230b) Importer(2089858483,934ff659095e30574adcf32a4c2f97b5)
Start importing Assets/Resource/carne/crane2.png using Guid(5249f5de0244eb043bc5502c8a76230b) Importer(2089858483,934ff659095e30574adcf32a4c2f97b5)  -> (artifact id: '9fd39809566943ceabc96853cb683063') in 0.011385 seconds 
========================================================================
Received Import Request.
  Time since last request: 0.000318 seconds.
  path: Assets/Resource/carne/crane0.png
  artifactKey: Guid(636e71af09fd10845a207713e1d9588a) Importer(2089858483,934ff659095e30574adcf32a4c2f97b5)
Start importing Assets/Resource/carne/crane0.png using Guid(636e71af09fd10845a207713e1d9588a) Importer(2089858483,934ff659095e30574adcf32a4c2f97b5)  -> (artifact id: '165fb2b38014141a751d8aca111b8510') in 0.014280 seconds 
========================================================================
Received Import Request.
  Time since last request: 37.886496 seconds.
  path: Assets/Plugins/Android/com.google.android.gms.play-services-ads-lite-20.2.0.aar
  artifactKey: Guid(7b8ccddbcf8b6c3458caa2914585ebdc) Importer(815301076,1909f56bfc062723c751e8b465ee728b)
Start importing Assets/Plugins/Android/com.google.android.gms.play-services-ads-lite-20.2.0.aar using Guid(7b8ccddbcf8b6c3458caa2914585ebdc) Importer(815301076,1909f56bfc062723c751e8b465ee728b)  -> (artifact id: '5a74bb9e02f5f75efaaa0dfffe2f5076') in 0.020755 seconds 
========================================================================
Received Import Request.
  Time since last request: 102.593641 seconds.
  path: Assets/Plugins/Android/mainTemplate.gradle
  artifactKey: Guid(04d181f47c55c204bb7e24ea0aa474e7) Importer(2089858483,934ff659095e30574adcf32a4c2f97b5)
Start importing Assets/Plugins/Android/mainTemplate.gradle using Guid(04d181f47c55c204bb7e24ea0aa474e7) Importer(2089858483,934ff659095e30574adcf32a4c2f97b5)  -> (artifact id: 'f08144b757dbdd5419afd8240ab7ac60') in 0.015866 seconds 
========================================================================
Received Import Request.
  Time since last request: 5.098243 seconds.
  path: Assets/Plugins/Android/mainTemplate.gradle
  artifactKey: Guid(04d181f47c55c204bb7e24ea0aa474e7) Importer(2089858483,934ff659095e30574adcf32a4c2f97b5)
Start importing Assets/Plugins/Android/mainTemplate.gradle using Guid(04d181f47c55c204bb7e24ea0aa474e7) Importer(2089858483,934ff659095e30574adcf32a4c2f97b5)  -> (artifact id: '81107adbb82ebc74acac40a0202e8af4') in 0.010233 seconds 
========================================================================
Received Import Request.
  Time since last request: 46.316814 seconds.
  path: Assets/Plugins/Android/gradleTemplate.properties.DISABLED
  artifactKey: Guid(24669f4aaa78ec34d99bba48f0df7495) Importer(2089858483,934ff659095e30574adcf32a4c2f97b5)
Start importing Assets/Plugins/Android/gradleTemplate.properties.DISABLED using Guid(24669f4aaa78ec34d99bba48f0df7495) Importer(2089858483,934ff659095e30574adcf32a4c2f97b5)  -> (artifact id: 'a815f59fbd398a53d5946d578aa543fe') in 0.020692 seconds 
========================================================================
Received Import Request.
  Time since last request: 2.244307 seconds.
  path: Assets/Plugins/Android/gradleTemplate.properties.DISABLED
  artifactKey: Guid(24669f4aaa78ec34d99bba48f0df7495) Importer(815301076,1909f56bfc062723c751e8b465ee728b)
Start importing Assets/Plugins/Android/gradleTemplate.properties.DISABLED using Guid(24669f4aaa78ec34d99bba48f0df7495) Importer(815301076,1909f56bfc062723c751e8b465ee728b)  -> (artifact id: '4858892deb13d207a12c7614b1df76d0') in 0.009017 seconds 
========================================================================
Received Import Request.
  Time since last request: 5.501425 seconds.
  path: Assets/Plugins/Android/mainTemplate.gradle
  artifactKey: Guid(04d181f47c55c204bb7e24ea0aa474e7) Importer(815301076,1909f56bfc062723c751e8b465ee728b)
Start importing Assets/Plugins/Android/mainTemplate.gradle using Guid(04d181f47c55c204bb7e24ea0aa474e7) Importer(815301076,1909f56bfc062723c751e8b465ee728b)  -> (artifact id: '633e2658500fae913a14f1c8b5408081') in 0.008947 seconds 
========================================================================
Received Import Request.
  Time since last request: 6.248978 seconds.
  path: Assets/Plugins/Android/proguard-user.txt.DISABLED
  artifactKey: Guid(8c5a53c43aef44a4f87d77f19bc9e9dd) Importer(815301076,1909f56bfc062723c751e8b465ee728b)
Start importing Assets/Plugins/Android/proguard-user.txt.DISABLED using Guid(8c5a53c43aef44a4f87d77f19bc9e9dd) Importer(815301076,1909f56bfc062723c751e8b465ee728b)  -> (artifact id: '1ef213fa962a65ff72d18028d63181b7') in 0.018522 seconds 
========================================================================
Received Import Request.
  Time since last request: 20.753510 seconds.
  path: Assets/Plugins/Android/gradleTemplate.properties
  artifactKey: Guid(3b58acdc57ce4bf438302a2043b30fbc) Importer(2089858483,934ff659095e30574adcf32a4c2f97b5)
Start importing Assets/Plugins/Android/gradleTemplate.properties using Guid(3b58acdc57ce4bf438302a2043b30fbc) Importer(2089858483,934ff659095e30574adcf32a4c2f97b5)  -> (artifact id: '855842d9a645bc839c55f53f59cae8d3') in 0.015822 seconds 
========================================================================
Received Import Request.
  Time since last request: 2.008060 seconds.
  path: Assets/Plugins/Android/gradleTemplate.properties
  artifactKey: Guid(3b58acdc57ce4bf438302a2043b30fbc) Importer(815301076,1909f56bfc062723c751e8b465ee728b)
Start importing Assets/Plugins/Android/gradleTemplate.properties using Guid(3b58acdc57ce4bf438302a2043b30fbc) Importer(815301076,1909f56bfc062723c751e8b465ee728b)  -> (artifact id: '4e311d7fabecfc1368db191f738fac9d') in 0.009216 seconds 
========================================================================
Received Import Request.
  Time since last request: 2.144327 seconds.
  path: Assets/Plugins/Android/gradleTemplate.properties
  artifactKey: Guid(3b58acdc57ce4bf438302a2043b30fbc) Importer(815301076,1909f56bfc062723c751e8b465ee728b)
Start importing Assets/Plugins/Android/gradleTemplate.properties using Guid(3b58acdc57ce4bf438302a2043b30fbc) Importer(815301076,1909f56bfc062723c751e8b465ee728b)  -> (artifact id: '6f50d73d98f9224669a4e36104cd1d5d') in 0.004818 seconds 
========================================================================
Received Import Request.
  Time since last request: 1.039658 seconds.
  path: Assets/Plugins/Android/gradleTemplate.properties
  artifactKey: Guid(3b58acdc57ce4bf438302a2043b30fbc) Importer(2089858483,934ff659095e30574adcf32a4c2f97b5)
Start importing Assets/Plugins/Android/gradleTemplate.properties using Guid(3b58acdc57ce4bf438302a2043b30fbc) Importer(2089858483,934ff659095e30574adcf32a4c2f97b5)  -> (artifact id: '161900ccea9c65ff5487f5e46c6fd0c6') in 0.014368 seconds 
========================================================================
Received Import Request.
  Time since last request: 43.791548 seconds.
  path: Assets/Plugins/Android/androidx.work.work-runtime-2.1.0.aar
  artifactKey: Guid(12a3410c6a9f9b54b8b8d38c5828c457) Importer(2089858483,934ff659095e30574adcf32a4c2f97b5)
Start importing Assets/Plugins/Android/androidx.work.work-runtime-2.1.0.aar using Guid(12a3410c6a9f9b54b8b8d38c5828c457) Importer(2089858483,934ff659095e30574adcf32a4c2f97b5)  -> (artifact id: '52e26a5b6c7f807d6776a3f77730331c') in 0.012428 seconds 
========================================================================
Received Import Request.
  Time since last request: 0.000336 seconds.
  path: Assets/Plugins/Android/com.google.android.gms.play-services-ads-lite-20.2.0.aar
  artifactKey: Guid(7b8ccddbcf8b6c3458caa2914585ebdc) Importer(2089858483,934ff659095e30574adcf32a4c2f97b5)
Start importing Assets/Plugins/Android/com.google.android.gms.play-services-ads-lite-20.2.0.aar using Guid(7b8ccddbcf8b6c3458caa2914585ebdc) Importer(2089858483,934ff659095e30574adcf32a4c2f97b5)  -> (artifact id: '9950ccdbe812f8ca935500a1becc524f') in 0.011915 seconds 
========================================================================
Received Prepare
Refreshing native plugins compatible for Editor in 22.36 ms, found 2 plugins.
Preloading 0 native plugins for Editor in 0.00 ms.
Unloading 69 Unused Serialized files (Serialized files now loaded: 0)
System memory in use before: 45.2 MB.
System memory in use after: 45.3 MB.

Unloading 68 unused Assets to reduce memory usage. Loaded Objects now: 1894.
Total: 5.439000 ms (FindLiveObjects: 0.171300 ms CreateObjectMapping: 0.040600 ms MarkObjects: 5.166900 ms  DeleteObjects: 0.058400 ms)

AssetImportParameters requested are different than current active one (requested -> active):
  custom:framework-win-MediaFoundation: 216162199b28c13a410421893ffa2e32 -> 
  custom:video-decoder-ogg-theora: a1e56fd34408186e4bbccfd4996cb3dc -> 
  custom:container-muxer-webm: aa71ff27fc2769a1b78a27578f13a17b -> 
  custom:container-demuxer-webm: 4f35f7cbe854078d1ac9338744f61a02 -> 
  custom:container-demuxer-ogg: 62fdf1f143b41e24485cea50d1cbac27 -> 
  custom:video-encoder-webm-vp8: eb34c28f22e8b96e1ab97ce403110664 -> 
  custom:video-codec-MediaFoundation-h265: 746d11721c4dcdbdad8f713fa42b33f4 -> 
  custom:video-decoder-webm-vp8: 9c59270c3fd7afecdb556c50c9e8de78 -> 
  custom:audio-decoder-ogg-vorbis: bf7c407c2cedff20999df2af8eb42d56 -> 
  custom:audio-encoder-webm-vorbis: bf7c407c2cedff20999df2af8eb42d56 -> 
========================================================================
Received Import Request.
  Time since last request: 100.302894 seconds.
  path: Assets/Plugins/Android/androidx.work.work-runtime-2.1.0.aar
  artifactKey: Guid(12a3410c6a9f9b54b8b8d38c5828c457) Importer(2089858483,934ff659095e30574adcf32a4c2f97b5)
Start importing Assets/Plugins/Android/androidx.work.work-runtime-2.1.0.aar using Guid(12a3410c6a9f9b54b8b8d38c5828c457) Importer(2089858483,934ff659095e30574adcf32a4c2f97b5)  -> (artifact id: 'df76102b039ba46338266d8a44724d63') in 0.011058 seconds 
========================================================================
Received Import Request.
  Time since last request: 0.000285 seconds.
  path: Assets/Plugins/Android/com.google.android.gms.play-services-ads-lite-20.2.0.aar
  artifactKey: Guid(7b8ccddbcf8b6c3458caa2914585ebdc) Importer(2089858483,934ff659095e30574adcf32a4c2f97b5)
Start importing Assets/Plugins/Android/com.google.android.gms.play-services-ads-lite-20.2.0.aar using Guid(7b8ccddbcf8b6c3458caa2914585ebdc) Importer(2089858483,934ff659095e30574adcf32a4c2f97b5)  -> (artifact id: '9f7af9639f15a977564cd34305405518') in 0.013939 seconds 
========================================================================
Received Import Request.
  Time since last request: 97.290626 seconds.
  path: Assets/Plugins/Android/androidx.arch.core.core-runtime-2.0.1.aar
  artifactKey: Guid(ebc071b57228ec3499092e851718e12f) Importer(815301076,1909f56bfc062723c751e8b465ee728b)
Start importing Assets/Plugins/Android/androidx.arch.core.core-runtime-2.0.1.aar using Guid(ebc071b57228ec3499092e851718e12f) Importer(815301076,1909f56bfc062723c751e8b465ee728b)  -> (artifact id: 'c268ded707135f2c3c3da081d3f317bc') in 0.009797 seconds 
========================================================================
Received Import Request.
  Time since last request: 1997.097835 seconds.
  path: Assets/Plugins/Android/androidx.legacy.legacy-support-core-ui-1.0.0.aar
  artifactKey: Guid(d60ac7944f5df764aa01e889fd50ca94) Importer(815301076,1909f56bfc062723c751e8b465ee728b)
Start importing Assets/Plugins/Android/androidx.legacy.legacy-support-core-ui-1.0.0.aar using Guid(d60ac7944f5df764aa01e889fd50ca94) Importer(815301076,1909f56bfc062723c751e8b465ee728b)  -> (artifact id: '6de0d2642e0db67afcfeb0e0679f09fa') in 0.010756 seconds 
========================================================================
Received Import Request.
  Time since last request: 1.156429 seconds.
  path: Assets/Plugins/Android/androidx.documentfile.documentfile-1.0.0.aar
  artifactKey: Guid(b67459eb7b58c8048af5c2461c230016) Importer(815301076,1909f56bfc062723c751e8b465ee728b)
Start importing Assets/Plugins/Android/androidx.documentfile.documentfile-1.0.0.aar using Guid(b67459eb7b58c8048af5c2461c230016) Importer(815301076,1909f56bfc062723c751e8b465ee728b)  -> (artifact id: 'fcb8f313964d457903a90e85be4a61a2') in 0.007930 seconds 
========================================================================
Received Import Request.
  Time since last request: 0.451317 seconds.
  path: Assets/Plugins/Android/androidx.browser.browser-1.0.0.aar
  artifactKey: Guid(f91b3483cad26ce47aacf99c891376c0) Importer(815301076,1909f56bfc062723c751e8b465ee728b)
Start importing Assets/Plugins/Android/androidx.browser.browser-1.0.0.aar using Guid(f91b3483cad26ce47aacf99c891376c0) Importer(815301076,1909f56bfc062723c751e8b465ee728b)  -> (artifact id: '64a4a2ba0c331fab90b1348060c728d8') in 0.007879 seconds 
========================================================================
Received Import Request.
  Time since last request: 0.394089 seconds.
  path: Assets/Plugins/Android/GoogleMobileAdsPlugin.androidlib
  artifactKey: Guid(5b365eb35de980f438e9b93474697155) Importer(815301076,1909f56bfc062723c751e8b465ee728b)
Start importing Assets/Plugins/Android/GoogleMobileAdsPlugin.androidlib using Guid(5b365eb35de980f438e9b93474697155) Importer(815301076,1909f56bfc062723c751e8b465ee728b)  -> (artifact id: '35b59b1cdeb7628cec4aa2ea4a26d69f') in 0.007608 seconds 
========================================================================
Received Import Request.
  Time since last request: 5.814254 seconds.
  path: Assets/Plugins/Android/baseProjectTemplate.gradle.DISABLED
  artifactKey: Guid(58010531dc4832748bb7d2fccd867441) Importer(2089858483,934ff659095e30574adcf32a4c2f97b5)
Start importing Assets/Plugins/Android/baseProjectTemplate.gradle.DISABLED using Guid(58010531dc4832748bb7d2fccd867441) Importer(2089858483,934ff659095e30574adcf32a4c2f97b5)  -> (artifact id: '4b19da1b61176cf708ad8159dbe195a3') in 0.011455 seconds 
========================================================================
Received Import Request.
  Time since last request: 10.471668 seconds.
  path: Assets/Plugins/Android/com.google.android.gms.play-services-ads-lite-20.2.0.aar
  artifactKey: Guid(7b8ccddbcf8b6c3458caa2914585ebdc) Importer(815301076,1909f56bfc062723c751e8b465ee728b)
Start importing Assets/Plugins/Android/com.google.android.gms.play-services-ads-lite-20.2.0.aar using Guid(7b8ccddbcf8b6c3458caa2914585ebdc) Importer(815301076,1909f56bfc062723c751e8b465ee728b)  -> (artifact id: 'a67f9638418811f66f1e858a8b5416a2') in 0.009032 seconds 
========================================================================
Received Import Request.
  Time since last request: 21.904838 seconds.
  path: Assets/Plugins/Android/baseProjectTemplate.gradle.DISABLED
  artifactKey: Guid(58010531dc4832748bb7d2fccd867441) Importer(815301076,1909f56bfc062723c751e8b465ee728b)
Start importing Assets/Plugins/Android/baseProjectTemplate.gradle.DISABLED using Guid(58010531dc4832748bb7d2fccd867441) Importer(815301076,1909f56bfc062723c751e8b465ee728b)  -> (artifact id: '4c1021a57f1fc3a19ad32a9bb0364543') in 0.008776 seconds 
========================================================================
Received Import Request.
  Time since last request: 165.970238 seconds.
  path: Assets/Plugins/Android/baseProjectTemplate.gradle.DISABLED
  artifactKey: Guid(58010531dc4832748bb7d2fccd867441) Importer(2089858483,934ff659095e30574adcf32a4c2f97b5)
Start importing Assets/Plugins/Android/baseProjectTemplate.gradle.DISABLED using Guid(58010531dc4832748bb7d2fccd867441) Importer(2089858483,934ff659095e30574adcf32a4c2f97b5)  -> (artifact id: 'bae22d2d1d067f8dc366f728220fd075') in 0.009281 seconds 
========================================================================
Received Prepare
Refreshing native plugins compatible for Editor in 20.30 ms, found 2 plugins.
Preloading 0 native plugins for Editor in 0.00 ms.
Unloading 69 Unused Serialized files (Serialized files now loaded: 0)
System memory in use before: 45.2 MB.
System memory in use after: 45.3 MB.

Unloading 68 unused Assets to reduce memory usage. Loaded Objects now: 1894.
Total: 4.124800 ms (FindLiveObjects: 0.148300 ms CreateObjectMapping: 0.034800 ms MarkObjects: 3.902400 ms  DeleteObjects: 0.038100 ms)

AssetImportParameters requested are different than current active one (requested -> active):
  custom:framework-win-MediaFoundation: 216162199b28c13a410421893ffa2e32 -> 
  custom:video-decoder-ogg-theora: a1e56fd34408186e4bbccfd4996cb3dc -> 
  custom:container-muxer-webm: aa71ff27fc2769a1b78a27578f13a17b -> 
  custom:container-demuxer-webm: 4f35f7cbe854078d1ac9338744f61a02 -> 
  custom:container-demuxer-ogg: 62fdf1f143b41e24485cea50d1cbac27 -> 
  custom:video-encoder-webm-vp8: eb34c28f22e8b96e1ab97ce403110664 -> 
  custom:video-codec-MediaFoundation-h265: 746d11721c4dcdbdad8f713fa42b33f4 -> 
  custom:video-decoder-webm-vp8: 9c59270c3fd7afecdb556c50c9e8de78 -> 
  custom:audio-decoder-ogg-vorbis: bf7c407c2cedff20999df2af8eb42d56 -> 
  custom:audio-encoder-webm-vorbis: bf7c407c2cedff20999df2af8eb42d56 -> 
========================================================================
Received Import Request.
  Time since last request: 248.736827 seconds.
  path: Assets/Resource/carne/crane0.png
  artifactKey: Guid(636e71af09fd10845a207713e1d9588a) Importer(815301076,1909f56bfc062723c751e8b465ee728b)
Start importing Assets/Resource/carne/crane0.png using Guid(636e71af09fd10845a207713e1d9588a) Importer(815301076,1909f56bfc062723c751e8b465ee728b)  -> (artifact id: 'cfaa901fba41e8d3e8d1495a1c7940fc') in 0.058324 seconds 
========================================================================
Received Import Request.
  Time since last request: 0.000393 seconds.
  path: Assets/Resource/carne/crane3.png
  artifactKey: Guid(5f590e285efef934485b4a065389c5db) Importer(815301076,1909f56bfc062723c751e8b465ee728b)
Start importing Assets/Resource/carne/crane3.png using Guid(5f590e285efef934485b4a065389c5db) Importer(815301076,1909f56bfc062723c751e8b465ee728b)  -> (artifact id: 'c5980b1f5a59c684caae6d725b723733') in 0.024817 seconds 
========================================================================
Received Import Request.
  Time since last request: 0.000355 seconds.
  path: Assets/Resource/carne/crane4.png
  artifactKey: Guid(f0220191b46df004783f7315f1a84326) Importer(815301076,1909f56bfc062723c751e8b465ee728b)
Start importing Assets/Resource/carne/crane4.png using Guid(f0220191b46df004783f7315f1a84326) Importer(815301076,1909f56bfc062723c751e8b465ee728b)  -> (artifact id: '605c0828f5be4a907b30c4188a686edb') in 0.018019 seconds 
========================================================================
Received Import Request.
  Time since last request: 0.000358 seconds.
  path: Assets/Resource/ㅁㄴㅇ.png
  artifactKey: Guid(9354dc0f58ac01b4d8c719dec8f164c3) Importer(815301076,1909f56bfc062723c751e8b465ee728b)
Start importing Assets/Resource/ㅁㄴㅇ.png using Guid(9354dc0f58ac01b4d8c719dec8f164c3) Importer(815301076,1909f56bfc062723c751e8b465ee728b)  -> (artifact id: 'be73aa3331d131b428c7dbd410d63af1') in 0.114384 seconds 
========================================================================
Received Import Request.
  Time since last request: 0.000277 seconds.
  path: Assets/Resource/craneMain.png
  artifactKey: Guid(bf209c3e7f4894541bef95843e3bb2d8) Importer(815301076,1909f56bfc062723c751e8b465ee728b)
Start importing Assets/Resource/craneMain.png using Guid(bf209c3e7f4894541bef95843e3bb2d8) Importer(815301076,1909f56bfc062723c751e8b465ee728b)  -> (artifact id: '8d991841a018ba326d7c86c94ade2cfc') in 0.017719 seconds 
========================================================================
Received Import Request.
  Time since last request: 0.000342 seconds.
  path: Assets/Resource/carne/crane1.png
  artifactKey: Guid(76206c4e774fb2b4da87f99528f78b88) Importer(815301076,1909f56bfc062723c751e8b465ee728b)
Start importing Assets/Resource/carne/crane1.png using Guid(76206c4e774fb2b4da87f99528f78b88) Importer(815301076,1909f56bfc062723c751e8b465ee728b)  -> (artifact id: '7d91e1a3e8792e1a6dc29f5a343ad2e3') in 0.018809 seconds 
========================================================================
Received Import Request.
  Time since last request: 0.000476 seconds.
  path: Assets/Resource/carne/hook.png
  artifactKey: Guid(3166b7af61c9b904397d4efbb72664d7) Importer(815301076,1909f56bfc062723c751e8b465ee728b)
Start importing Assets/Resource/carne/hook.png using Guid(3166b7af61c9b904397d4efbb72664d7) Importer(815301076,1909f56bfc062723c751e8b465ee728b)  -> (artifact id: '56053b7c4f25153f8939a66b1801bc32') in 0.012882 seconds 
========================================================================
Received Import Request.
  Time since last request: 0.000564 seconds.
  path: Assets/Resource/carne/crane5.png
  artifactKey: Guid(de1d81426b380754ab956480c0530c9b) Importer(815301076,1909f56bfc062723c751e8b465ee728b)
Start importing Assets/Resource/carne/crane5.png using Guid(de1d81426b380754ab956480c0530c9b) Importer(815301076,1909f56bfc062723c751e8b465ee728b)  -> (artifact id: '92b9decb2a223a2a57748123419883e5') in 0.018217 seconds 
========================================================================
Received Import Request.
  Time since last request: 0.000483 seconds.
  path: Assets/Resource/carne/crane6.png
  artifactKey: Guid(1465e3f8520358b479019b442a067e11) Importer(815301076,1909f56bfc062723c751e8b465ee728b)
Start importing Assets/Resource/carne/crane6.png using Guid(1465e3f8520358b479019b442a067e11) Importer(815301076,1909f56bfc062723c751e8b465ee728b)  -> (artifact id: '36203f777cc125162c01b989c9ba2453') in 0.019446 seconds 
========================================================================
Received Import Request.
  Time since last request: 0.000345 seconds.
  path: Assets/Resource/carne/crane2.png
  artifactKey: Guid(5249f5de0244eb043bc5502c8a76230b) Importer(815301076,1909f56bfc062723c751e8b465ee728b)
Start importing Assets/Resource/carne/crane2.png using Guid(5249f5de0244eb043bc5502c8a76230b) Importer(815301076,1909f56bfc062723c751e8b465ee728b)  -> (artifact id: '8c81d74c04e032a809931fdfff65c49a') in 0.017953 seconds 
========================================================================
Received Import Request.
  Time since last request: 325.136774 seconds.
  path: Assets/Resource/CanduCrane.png
  artifactKey: Guid(909fec5859ded6c40a646362f4850f80) Importer(2089858483,934ff659095e30574adcf32a4c2f97b5)
Start importing Assets/Resource/CanduCrane.png using Guid(909fec5859ded6c40a646362f4850f80) Importer(2089858483,934ff659095e30574adcf32a4c2f97b5)  -> (artifact id: '57d72feab06dbe09e3972aea9e155b34') in 0.012668 seconds 
========================================================================
Received Import Request.
  Time since last request: 0.300227 seconds.
  path: Assets/Resource/CanduCrane.png
  artifactKey: Guid(909fec5859ded6c40a646362f4850f80) Importer(815301076,1909f56bfc062723c751e8b465ee728b)
Start importing Assets/Resource/CanduCrane.png using Guid(909fec5859ded6c40a646362f4850f80) Importer(815301076,1909f56bfc062723c751e8b465ee728b)  -> (artifact id: '390f9c4806f9f4789ce71b956a5d1b26') in 0.202758 seconds 
========================================================================
Received Import Request.
  Time since last request: 9.320196 seconds.
  path: Assets/Resource/CandyCrane2.png
  artifactKey: Guid(909fec5859ded6c40a646362f4850f80) Importer(815301076,1909f56bfc062723c751e8b465ee728b)
Start importing Assets/Resource/CandyCrane2.png using Guid(909fec5859ded6c40a646362f4850f80) Importer(815301076,1909f56bfc062723c751e8b465ee728b)  -> (artifact id: 'd623b46f9dfd830c6bb42bb7da3588f1') in 0.068468 seconds 
========================================================================
Received Import Request.
  Time since last request: 0.694588 seconds.
  path: Assets/Resource/CandyCrane2.png
  artifactKey: Guid(909fec5859ded6c40a646362f4850f80) Importer(2089858483,934ff659095e30574adcf32a4c2f97b5)
Start importing Assets/Resource/CandyCrane2.png using Guid(909fec5859ded6c40a646362f4850f80) Importer(2089858483,934ff659095e30574adcf32a4c2f97b5)  -> (artifact id: '47731a4cc055584cbce61194b5d0bce7') in 0.010625 seconds 
========================================================================
Received Prepare
Refreshing native plugins compatible for Editor in 19.41 ms, found 2 plugins.
Preloading 0 native plugins for Editor in 0.00 ms.
Unloading 69 Unused Serialized files (Serialized files now loaded: 0)
System memory in use before: 45.3 MB.
System memory in use after: 45.4 MB.

Unloading 68 unused Assets to reduce memory usage. Loaded Objects now: 1909.
Total: 4.673700 ms (FindLiveObjects: 0.169400 ms CreateObjectMapping: 0.035900 ms MarkObjects: 4.422000 ms  DeleteObjects: 0.045100 ms)

AssetImportParameters requested are different than current active one (requested -> active):
  custom:framework-win-MediaFoundation: 216162199b28c13a410421893ffa2e32 -> 
  custom:video-decoder-ogg-theora: a1e56fd34408186e4bbccfd4996cb3dc -> 
  custom:container-muxer-webm: aa71ff27fc2769a1b78a27578f13a17b -> 
  custom:container-demuxer-webm: 4f35f7cbe854078d1ac9338744f61a02 -> 
  custom:container-demuxer-ogg: 62fdf1f143b41e24485cea50d1cbac27 -> 
  custom:video-encoder-webm-vp8: eb34c28f22e8b96e1ab97ce403110664 -> 
  custom:video-codec-MediaFoundation-h265: 746d11721c4dcdbdad8f713fa42b33f4 -> 
  custom:video-decoder-webm-vp8: 9c59270c3fd7afecdb556c50c9e8de78 -> 
  custom:audio-decoder-ogg-vorbis: bf7c407c2cedff20999df2af8eb42d56 -> 
  custom:audio-encoder-webm-vorbis: bf7c407c2cedff20999df2af8eb42d56 -> 
